info : 2022-06-08 : 14:22:46 : Moving the Client file to the client_files_training/ directory.... 
error : 2022-06-08 : 14:22:46 : Validation of the Training Data Started.. 
info : 2022-06-08 : 14:22:53 : Filename schema is valid. Moving the file into good directory training 
info : 2022-06-08 : 14:22:53 : Started the data transformation for the Client Data... 
error : 2022-06-08 : 14:22:53 : Probelm occured during the  data transformation for the Client Data... 
info : 2022-06-08 : 14:23:26 : Feature Selection of Validated Client Training Data Started!! 
error : 2022-06-08 : 14:23:26 : Error While Selecting the features in feature selection [Errno 2] No such file or directory: 'db_training_files/phising_08012020_120000.csv' 
info : 2022-06-08 : 14:23:26 : Started the clustering process 
error : 2022-06-08 : 14:23:26 : Error during the process of clustering 
info : 2022-06-08 : 14:23:26 : Creating a csv file from the preprocessed client data 
error : 2022-06-08 : 14:23:26 : Error while creating a csv file from the preprocessed client data 
info : 2022-06-08 : 14:23:26 : Started the db operations for preprocessed client data 
error : 2022-06-08 : 14:23:26 : error during db operations for preprocessed client data [Errno 2] No such file or directory: 'training_data_segregation/good_data/preprocessed_data.csv' 
info : 2022-06-08 : 14:26:36 : Moving the Client file to the client_files_training/ directory.... 
error : 2022-06-08 : 14:26:36 : Validation of the Training Data Started.. 
info : 2022-06-08 : 14:26:41 : Filename schema is valid. Moving the file into good directory training 
info : 2022-06-08 : 14:26:42 : Started the data transformation for the Client Data... 
error : 2022-06-08 : 14:26:42 : Probelm occured during the  data transformation for the Client Data... 
info : 2022-06-08 : 14:27:10 : Feature Selection of Validated Client Training Data Started!! 
error : 2022-06-08 : 14:27:10 : Error While Selecting the features in feature selection [Errno 2] No such file or directory: 'db_training_files/phising_08012020_120000.csv' 
info : 2022-06-08 : 14:27:10 : Started the clustering process 
error : 2022-06-08 : 14:27:10 : Error during the process of clustering 
info : 2022-06-08 : 14:27:10 : Creating a csv file from the preprocessed client data 
error : 2022-06-08 : 14:27:11 : Error while creating a csv file from the preprocessed client data 
info : 2022-06-08 : 14:27:11 : Started the db operations for preprocessed client data 
error : 2022-06-08 : 14:27:11 : error during db operations for preprocessed client data [Errno 2] No such file or directory: 'training_data_segregation/good_data/preprocessed_data.csv' 
info : 2022-06-08 : 14:28:42 : Moving the Client file to the client_files_training/ directory.... 
error : 2022-06-08 : 14:28:42 : Validation of the Training Data Started.. 
info : 2022-06-08 : 14:28:47 : Filename schema is valid. Moving the file into good directory training 
info : 2022-06-08 : 14:28:47 : Started the data transformation for the Client Data... 
error : 2022-06-08 : 14:28:47 : Probelm occured during the  data transformation for the Client Data... 
info : 2022-06-08 : 14:29:13 : Feature Selection of Validated Client Training Data Started!! 
info : 2022-06-08 : 14:29:16 : Completed the process of Feature Selection 
info : 2022-06-08 : 14:29:16 : Started the clustering process 
info : 2022-06-08 : 14:29:21 : Completed the clustering process 
info : 2022-06-08 : 14:29:21 : Creating a csv file from the preprocessed client data 
info : 2022-06-08 : 14:29:23 : Started the db operations for preprocessed client data 
info : 2022-06-08 : 14:29:36 : Successfully created the training data from the client data. 
info : 2022-06-22 : 14:01:46 : Moving the Client file to the client_files_testing/ directory.... 
error : 2022-06-22 : 14:01:47 : Validation of the Testing Data Started.. 
info : 2022-06-22 : 14:01:58 : Filename schema is valid. Moving the file into good directory testing 
info : 2022-06-22 : 14:03:28 : Moving the Client file to the client_files_testing/ directory.... 
error : 2022-06-22 : 14:03:28 : Validation of the Testing Data Started.. 
info : 2022-06-22 : 14:03:35 : Filename schema is valid. Moving the file into good directory testing 
info : 2022-06-22 : 14:30:10 : Moving the Client file to the client_files_testing/ directory.... 
info : 2022-06-22 : 14:30:10 : Started the client testing data validation 
error : 2022-06-22 : 14:30:10 : Validation of the Testing Data Started.. 
info : 2022-06-22 : 14:30:19 : Filename schema is valid. Moving the file into good directory testing 
info : 2022-06-22 : 14:30:19 : Started the data transformation for the Client Data... 
error : 2022-06-22 : 14:30:19 : Probelm occured during the  data transformation for the Client Data... 
info : 2022-06-22 : 14:30:45 : Moving the Client file to the client_files_testing/ directory.... 
info : 2022-06-22 : 14:30:45 : Started the client testing data validation 
error : 2022-06-22 : 14:30:45 : Validation of the Testing Data Started.. 
info : 2022-06-22 : 14:31:02 : Completed the client testing data validation 
info : 2022-06-22 : 14:31:02 : Filename schema is valid. Moving the file into good directory testing 
info : 2022-06-22 : 14:31:02 : Started the data transformation for the Client Data... 
error : 2022-06-22 : 14:31:02 : Probelm occured during the  data transformation for the Client Data... 
info : 2022-06-22 : 14:31:28 : Completed the client testing data validation 
info : 2022-06-22 : 14:33:34 : Moving the Client file to the client_files_testing/ directory.... 
info : 2022-06-22 : 14:33:34 : Started the client testing data validation 
error : 2022-06-22 : 14:33:34 : Validation of the Testing Data Started.. 
info : 2022-06-22 : 14:33:41 : Filename schema is valid. Moving the file into good directory testing 
info : 2022-06-22 : 14:33:41 : Started the data transformation for the Client Data... 
error : 2022-06-22 : 14:33:41 : Probelm occured during the  data transformation for the Client Data... 
info : 2022-06-22 : 14:34:08 : Completed the client testing data validation 
info : 2022-06-23 : 12:37:24 : Moving the Client file to the client_files_testing/ directory.... 
info : 2022-06-23 : 12:37:24 : Started the client testing data validation 
error : 2022-06-23 : 12:37:24 : Validation of the Testing Data Started.. 
info : 2022-06-23 : 12:37:32 : Filename schema is valid. Moving the file into good directory testing 
info : 2022-06-23 : 12:37:33 : Started the data transformation for the Client Data... 
error : 2022-06-23 : 12:37:33 : Probelm occured during the  data transformation for the Client Data... 
info : 2022-06-23 : 12:38:14 : Completed the client testing data validation 
info : 2022-06-23 : 12:44:32 : Moving the Client file to the client_files_testing/ directory.... 
info : 2022-06-23 : 12:44:32 : Started the client testing data validation 
error : 2022-06-23 : 12:44:32 : Validation of the Testing Data Started.. 
info : 2022-06-23 : 12:44:38 : Filename schema is valid. Moving the file into good directory testing 
info : 2022-06-23 : 12:44:39 : Started the data transformation for the Client Data... 
error : 2022-06-23 : 12:44:39 : Probelm occured during the  data transformation for the Client Data... 
info : 2022-06-23 : 12:45:05 : Completed the client testing data validation 
info : 2022-06-23 : 12:46:23 : Moving the Client file to the client_files_testing/ directory.... 
info : 2022-06-23 : 12:46:23 : Started the client testing data validation 
error : 2022-06-23 : 12:46:23 : Validation of the Testing Data Started.. 
info : 2022-06-23 : 12:46:31 : Filename schema is valid. Moving the file into good directory testing 
info : 2022-06-23 : 12:46:31 : Started the data transformation for the Client Data... 
error : 2022-06-23 : 12:46:31 : Probelm occured during the  data transformation for the Client Data... 
info : 2022-06-23 : 12:47:02 : Completed the client testing data validation 
info : 2022-06-23 : 12:48:10 : Moving the Client file to the client_files_testing/ directory.... 
info : 2022-06-23 : 12:48:10 : Started the client testing data validation 
error : 2022-06-23 : 12:48:10 : Validation of the Testing Data Started.. 
info : 2022-06-23 : 12:48:21 : Filename schema is valid. Moving the file into good directory testing 
info : 2022-06-23 : 12:48:21 : Started the data transformation for the Client Data... 
error : 2022-06-23 : 12:48:21 : Probelm occured during the  data transformation for the Client Data... 
info : 2022-06-23 : 12:48:52 : Completed the client testing data validation 
info : 2022-06-23 : 12:52:11 : Moving the Client file to the client_files_testing/ directory.... 
info : 2022-06-23 : 12:52:11 : Started the client testing data validation 
error : 2022-06-23 : 12:52:11 : Validation of the Testing Data Started.. 
info : 2022-06-23 : 12:52:18 : Filename schema is valid. Moving the file into good directory testing 
info : 2022-06-23 : 12:52:18 : Started the data transformation for the Client Data... 
error : 2022-06-23 : 12:52:18 : Probelm occured during the  data transformation for the Client Data... 
info : 2022-06-23 : 12:52:44 : Completed the client testing data validation 
info : 2022-06-23 : 12:55:01 : Moving the Client file to the client_files_testing/ directory.... 
info : 2022-06-23 : 12:55:01 : Started the client testing data validation 
error : 2022-06-23 : 12:55:01 : Validation of the Testing Data Started.. 
info : 2022-06-23 : 12:55:07 : Filename schema is valid. Moving the file into good directory testing 
info : 2022-06-23 : 12:55:07 : Started the data transformation for the Client Data... 
error : 2022-06-23 : 12:55:07 : Probelm occured during the  data transformation for the Client Data... 
info : 2022-06-23 : 12:55:34 : Completed the client testing data validation 
