info : 2022-07-07 : 14:34:54 : Started the db connection to phising_29062022_120000.db in testing phase 
info : 2022-07-07 : 14:34:54 : closed the db connection to phising_29062022_120000.db in testing phase 
info : 2022-07-07 : 14:34:54 : Table named testing created successfully in phising_29062022_120000.csv Database 
info : 2022-07-07 : 14:34:54 : Table named testing created successfully in phising_29062022_120000.csv 
info : 2022-07-07 : 14:34:54 : Closed the db connection to phising_29062022_120000.csv 
info : 2022-07-07 : 14:34:54 : Started the db connection to phising_29062022_120000.db in testing phase 
info : 2022-07-07 : 14:34:54 : closed the db connection to phising_29062022_120000.db in testing phase 
info : 2022-07-07 : 14:35:12 : Started the db connection to phising_08012020_120000.db in training phase 
info : 2022-07-07 : 14:35:12 : closed the db connection to phising_08012020_120000.db in training phase 
info : 2022-07-07 : 14:35:12 : Table named training created successfully in phising_08012020_120000.csv Database 
info : 2022-07-07 : 14:35:12 : Table named training created successfully in phising_08012020_120000.csv 
info : 2022-07-07 : 14:35:12 : Closed the db connection to phising_08012020_120000.csv 
info : 2022-07-07 : 14:35:12 : Started the db connection to phising_08012020_120000.db in training phase 
info : 2022-07-07 : 14:35:13 : closed the db connection to phising_08012020_120000.db in training phase 
info : 2022-07-07 : 14:35:29 : Values are inserted into the table of training in phising_29062022_120000.csv 
info : 2022-07-07 : 14:35:29 : Closed the db connection to phising_29062022_120000.csv 
info : 2022-07-07 : 14:35:29 : Started the db connection to phising_29062022_120000.db in testing phase 
info : 2022-07-07 : 14:35:29 : closed the db connection to phising_29062022_120000.db in testing phase 
info : 2022-07-07 : 14:35:30 : Values are inserted into the table of training in phising_08012020_120000.csv 
info : 2022-07-07 : 14:35:30 : Closed the db connection to phising_08012020_120000.csv 
info : 2022-07-07 : 14:35:30 : Started the db connection to phising_08012020_120000.db in training phase 
info : 2022-07-07 : 14:35:30 : closed the db connection to phising_08012020_120000.db in training phase 
info : 2022-07-07 : 14:36:04 : Successfully converted the table values into csv file and saved in the testing_files_from_db directory 
info : 2022-07-07 : 14:36:04 : Closed the db connection to phising_29062022_120000.csv 
info : 2022-07-07 : 14:36:19 : Successfully converted the table values into csv file and saved in the db_training_dir 
info : 2022-07-07 : 14:36:19 : Closed the db connection to phising_08012020_120000.csv 
info : 2022-07-07 : 14:36:20 : Started the db connection to preprocessed_data_phising_08012020_120000.db in preprocessing phase 
info : 2022-07-07 : 14:36:20 : closed the db connection to preprocessed_data_phising_08012020_120000.db in preprocessing phase 
info : 2022-07-07 : 14:36:20 : Table named preprocessing created successfully in preprocessed_data_phising_08012020_120000.csv Database 
info : 2022-07-07 : 14:36:20 : Table named preprocessing created successfully in preprocessed_data_phising_08012020_120000.csv 
info : 2022-07-07 : 14:36:20 : Closed the db connection to preprocessed_data_phising_08012020_120000.csv 
info : 2022-07-07 : 14:36:20 : Started the db connection to preprocessed_data_phising_08012020_120000.db in preprocessing phase 
info : 2022-07-07 : 14:36:20 : closed the db connection to preprocessed_data_phising_08012020_120000.db in preprocessing phase 
info : 2022-07-07 : 14:36:28 : Values are inserted into the table of preprocessing in preprocessed_data_phising_08012020_120000.csv 
info : 2022-07-07 : 14:36:28 : Closed the db connection to preprocessed_data_phising_08012020_120000.csv 
info : 2022-07-07 : 14:36:28 : Started the db connection to preprocessed_data_phising_08012020_120000.db in preprocessing phase 
info : 2022-07-07 : 14:36:28 : closed the db connection to preprocessed_data_phising_08012020_120000.db in preprocessing phase 
info : 2022-07-07 : 14:36:35 : Successfully converted the table values into csv file and saved in the preprocessed_files_from_db 
info : 2022-07-07 : 14:36:35 : Closed the db connection to preprocessed_data_phising_08012020_120000.csv 
info : 2022-07-07 : 14:37:31 : Started the db connection to phising_08012020_120000.db in training phase 
info : 2022-07-07 : 14:37:31 : closed the db connection to phising_08012020_120000.db in training phase 
info : 2022-07-07 : 14:37:31 : Table named training created successfully in phising_08012020_120000.csv Database 
info : 2022-07-07 : 14:37:31 : Table named training created successfully in phising_08012020_120000.csv 
info : 2022-07-07 : 14:37:31 : Closed the db connection to phising_08012020_120000.csv 
info : 2022-07-07 : 14:37:31 : Started the db connection to phising_08012020_120000.db in training phase 
info : 2022-07-07 : 14:37:31 : closed the db connection to phising_08012020_120000.db in training phase 
info : 2022-07-07 : 14:37:41 : Values are inserted into the table of training in phising_08012020_120000.csv 
info : 2022-07-07 : 14:37:41 : Closed the db connection to phising_08012020_120000.csv 
info : 2022-07-07 : 14:37:41 : Started the db connection to phising_08012020_120000.db in training phase 
info : 2022-07-07 : 14:37:42 : closed the db connection to phising_08012020_120000.db in training phase 
info : 2022-07-07 : 14:37:58 : Successfully converted the table values into csv file and saved in the db_training_dir 
info : 2022-07-07 : 14:37:58 : Closed the db connection to phising_08012020_120000.csv 
info : 2022-07-07 : 14:37:58 : Started the db connection to preprocessed_data_phising_08012020_120000.db in preprocessing phase 
info : 2022-07-07 : 14:37:58 : closed the db connection to preprocessed_data_phising_08012020_120000.db in preprocessing phase 
info : 2022-07-07 : 14:37:58 : Table named preprocessing created successfully in preprocessed_data_phising_08012020_120000.csv Database 
info : 2022-07-07 : 14:37:58 : Table named preprocessing created successfully in preprocessed_data_phising_08012020_120000.csv 
info : 2022-07-07 : 14:37:58 : Closed the db connection to preprocessed_data_phising_08012020_120000.csv 
info : 2022-07-07 : 14:37:58 : Started the db connection to preprocessed_data_phising_08012020_120000.db in preprocessing phase 
info : 2022-07-07 : 14:37:58 : closed the db connection to preprocessed_data_phising_08012020_120000.db in preprocessing phase 
info : 2022-07-07 : 14:38:04 : Values are inserted into the table of preprocessing in preprocessed_data_phising_08012020_120000.csv 
info : 2022-07-07 : 14:38:04 : Closed the db connection to preprocessed_data_phising_08012020_120000.csv 
info : 2022-07-07 : 14:38:04 : Started the db connection to preprocessed_data_phising_08012020_120000.db in preprocessing phase 
info : 2022-07-07 : 14:38:04 : closed the db connection to preprocessed_data_phising_08012020_120000.db in preprocessing phase 
info : 2022-07-07 : 14:38:13 : Successfully converted the table values into csv file and saved in the preprocessed_files_from_db 
info : 2022-07-07 : 14:38:13 : Closed the db connection to preprocessed_data_phising_08012020_120000.csv 
